********************************************************************************
*                      Saturday, 13 August 2016 16:44:45                       *
********************************************************************************
CSharpCompilerWrapper.exe version: 1.10.0.0
Platform: Mac
Target assembly: /Assembly-CSharp.dll
Project directory: /Users/dthurn/Dropbox/dungeonstrike/DungeonStrike
Unity 'Data' or 'Frameworks' directory: /Applications/Unity/Unity.app/Contents
Microsoft C# 6.0 compiler found, but it is not supported on the current platform. Looking for another compiler...
Compiler: Mono C# 6.0

- Compilation -----------------------------------------------

Process: /Library/Frameworks/Mono.framework/Commands/mono
Arguments: "/Users/dthurn/Dropbox/dungeonstrike/DungeonStrike/CSharp60Support/mcs.exe" -nostdlib+ -noconfig -nologo -r:"/Applications/Unity/Unity.app/Contents/Mono/lib/mono/2.0/mscorlib.dll" -r:"/Applications/Unity/Unity.app/Contents/Mono/lib/mono/2.0/System.dll" -r:"/Applications/Unity/Unity.app/Contents/Mono/lib/mono/2.0/System.Core.dll" -r:"/Applications/Unity/Unity.app/Contents/Mono/lib/mono/2.0/System.Xml.dll" @Temp/UnityTempFile-44944ee91ea0c40eab35e0a4d9e5e23a
Exit code: 0
Elapsed time: 1.02 sec

- Compiler output (1 line):
0: Compilation succeeded - 10 warning(s)

- Compiler errors (10 lines):
0: Assets/GameGrid/Scripts/GGCell.cs(23,14): warning CS0659: `GGCell' overrides Object.Equals(object) but does not override Object.GetHashCode()
1: Assets/GameGrid/Scripts/GGGrid.cs(110,47): warning CS0618: `UnityEngine.Object.FindSceneObjectsOfType(System.Type)' is obsolete: `use Object.FindObjectsOfType instead.'
2: Assets/GameGrid/Scripts/GGGrid.cs(117,53): warning CS0618: `UnityEngine.Object.FindSceneObjectsOfType(System.Type)' is obsolete: `use Object.FindObjectsOfType instead.'
3: Assets/GameGrid/Scripts/GGGrid.cs(856,14): warning CS0219: The variable `wasValid' is assigned but its value is never used
4: Assets/GameGrid/Scripts/GGGrid.cs(1269,17): warning CS0219: The variable `nextRange' is assigned but its value is never used
5: Assets/GameGrid/Scripts/GGObject.cs(63,59): warning CS0618: `UnityEngine.GameObject.active' is obsolete: `GameObject.active is obsolete. Use GameObject.SetActive(), GameObject.activeSelf or GameObject.activeInHierarchy.'
6: Assets/GameGrid/Scripts/GGObject.cs(149,37): warning CS0618: `UnityEngine.GameObject.active' is obsolete: `GameObject.active is obsolete. Use GameObject.SetActive(), GameObject.activeSelf or GameObject.activeInHierarchy.'
7: Assets/GameGrid/Scripts/GGObject.cs(178,37): warning CS0618: `UnityEngine.GameObject.active' is obsolete: `GameObject.active is obsolete. Use GameObject.SetActive(), GameObject.activeSelf or GameObject.activeInHierarchy.'
8: Assets/GameGrid/Scenes/GameGridNavigator.cs(7,18): warning CS0414: The private field `GameGridNavigator.navigating' is assigned but its value is never used
9: Assets/GameGrid/Scripts/GGGrid.cs(49,35): warning CS0414: The private field `GGGrid.ms_oGlobalQueryList' is assigned but its value is never used
********************************************************************************
*                      Saturday, 13 August 2016 16:44:45                       *
********************************************************************************
CSharpCompilerWrapper.exe version: 1.10.0.0
Platform: Mac
Target assembly: /Assembly-CSharp-Editor-firstpass.dll
Project directory: /Users/dthurn/Dropbox/dungeonstrike/DungeonStrike
Unity 'Data' or 'Frameworks' directory: /Applications/Unity/Unity.app/Contents
Microsoft C# 6.0 compiler found, but it is not supported on the current platform. Looking for another compiler...
Compiler: Mono C# 6.0

- Compilation -----------------------------------------------

Process: /Library/Frameworks/Mono.framework/Commands/mono
Arguments: "/Users/dthurn/Dropbox/dungeonstrike/DungeonStrike/CSharp60Support/mcs.exe" -nostdlib+ -noconfig -nologo -r:"/Applications/Unity/Unity.app/Contents/Mono/lib/mono/2.0/mscorlib.dll" -r:"/Applications/Unity/Unity.app/Contents/Mono/lib/mono/2.0/System.dll" -r:"/Applications/Unity/Unity.app/Contents/Mono/lib/mono/2.0/System.Core.dll" -r:"/Applications/Unity/Unity.app/Contents/Mono/lib/mono/2.0/System.Xml.dll" @Temp/UnityTempFile-d7ae8b51cd2bb431abe566549dbd32bd
Exit code: 0
Elapsed time: 0.85 sec

- Compiler output (0 lines):

- Compiler errors (0 lines):
********************************************************************************
*                      Saturday, 13 August 2016 16:44:46                       *
********************************************************************************
CSharpCompilerWrapper.exe version: 1.10.0.0
Platform: Mac
Target assembly: /Assembly-CSharp-Editor.dll
Project directory: /Users/dthurn/Dropbox/dungeonstrike/DungeonStrike
Unity 'Data' or 'Frameworks' directory: /Applications/Unity/Unity.app/Contents
Microsoft C# 6.0 compiler found, but it is not supported on the current platform. Looking for another compiler...
Compiler: Mono C# 6.0

- Compilation -----------------------------------------------

Process: /Library/Frameworks/Mono.framework/Commands/mono
Arguments: "/Users/dthurn/Dropbox/dungeonstrike/DungeonStrike/CSharp60Support/mcs.exe" -nostdlib+ -noconfig -nologo -r:"/Applications/Unity/Unity.app/Contents/Mono/lib/mono/2.0/mscorlib.dll" -r:"/Applications/Unity/Unity.app/Contents/Mono/lib/mono/2.0/System.dll" -r:"/Applications/Unity/Unity.app/Contents/Mono/lib/mono/2.0/System.Core.dll" -r:"/Applications/Unity/Unity.app/Contents/Mono/lib/mono/2.0/System.Xml.dll" @Temp/UnityTempFile-06365df75ad4043298e30d2204f860e0
Exit code: 0
Elapsed time: 0.54 sec

- Compiler output (1 line):
0: Compilation succeeded - 1 warning(s)

- Compiler errors (1 line):
0: Assets/GameGrid/Editor/GGGridEditor.cs(488,15): warning CS0219: The variable `maxViewDistSq' is assigned but its value is never used
********************************************************************************
*                      Saturday, 13 August 2016 16:45:01                       *
********************************************************************************
CSharpCompilerWrapper.exe version: 1.10.0.0
Platform: Mac
Target assembly: /Assembly-CSharp.dll
Project directory: /Users/dthurn/Dropbox/dungeonstrike/DungeonStrike
Unity 'Data' or 'Frameworks' directory: /Applications/Unity/Unity.app/Contents
Microsoft C# 6.0 compiler found, but it is not supported on the current platform. Looking for another compiler...
Compiler: Mono C# 6.0

- Compilation -----------------------------------------------

Process: /Library/Frameworks/Mono.framework/Commands/mono
Arguments: "/Users/dthurn/Dropbox/dungeonstrike/DungeonStrike/CSharp60Support/mcs.exe" -nostdlib+ -noconfig -nologo -r:"/Applications/Unity/Unity.app/Contents/Mono/lib/mono/2.0/mscorlib.dll" -r:"/Applications/Unity/Unity.app/Contents/Mono/lib/mono/2.0/System.dll" -r:"/Applications/Unity/Unity.app/Contents/Mono/lib/mono/2.0/System.Core.dll" -r:"/Applications/Unity/Unity.app/Contents/Mono/lib/mono/2.0/System.Xml.dll" @Temp/UnityTempFile-2c5a1f056376646cca87e575147b6f41
Exit code: 0
Elapsed time: 0.66 sec

- Compiler output (1 line):
0: Compilation succeeded - 10 warning(s)

- Compiler errors (10 lines):
0: Assets/ThirdParty/GameGrid/Scripts/GGCell.cs(23,14): warning CS0659: `GGCell' overrides Object.Equals(object) but does not override Object.GetHashCode()
1: Assets/ThirdParty/GameGrid/Scripts/GGGrid.cs(110,47): warning CS0618: `UnityEngine.Object.FindSceneObjectsOfType(System.Type)' is obsolete: `use Object.FindObjectsOfType instead.'
2: Assets/ThirdParty/GameGrid/Scripts/GGGrid.cs(117,53): warning CS0618: `UnityEngine.Object.FindSceneObjectsOfType(System.Type)' is obsolete: `use Object.FindObjectsOfType instead.'
3: Assets/ThirdParty/GameGrid/Scripts/GGGrid.cs(856,14): warning CS0219: The variable `wasValid' is assigned but its value is never used
4: Assets/ThirdParty/GameGrid/Scripts/GGGrid.cs(1269,17): warning CS0219: The variable `nextRange' is assigned but its value is never used
5: Assets/ThirdParty/GameGrid/Scripts/GGObject.cs(63,59): warning CS0618: `UnityEngine.GameObject.active' is obsolete: `GameObject.active is obsolete. Use GameObject.SetActive(), GameObject.activeSelf or GameObject.activeInHierarchy.'
6: Assets/ThirdParty/GameGrid/Scripts/GGObject.cs(149,37): warning CS0618: `UnityEngine.GameObject.active' is obsolete: `GameObject.active is obsolete. Use GameObject.SetActive(), GameObject.activeSelf or GameObject.activeInHierarchy.'
7: Assets/ThirdParty/GameGrid/Scripts/GGObject.cs(178,37): warning CS0618: `UnityEngine.GameObject.active' is obsolete: `GameObject.active is obsolete. Use GameObject.SetActive(), GameObject.activeSelf or GameObject.activeInHierarchy.'
8: Assets/ThirdParty/GameGrid/Scenes/GameGridNavigator.cs(7,18): warning CS0414: The private field `GameGridNavigator.navigating' is assigned but its value is never used
9: Assets/ThirdParty/GameGrid/Scripts/GGGrid.cs(49,35): warning CS0414: The private field `GGGrid.ms_oGlobalQueryList' is assigned but its value is never used
********************************************************************************
*                      Saturday, 13 August 2016 16:45:01                       *
********************************************************************************
CSharpCompilerWrapper.exe version: 1.10.0.0
Platform: Mac
Target assembly: /Assembly-CSharp-Editor-firstpass.dll
Project directory: /Users/dthurn/Dropbox/dungeonstrike/DungeonStrike
Unity 'Data' or 'Frameworks' directory: /Applications/Unity/Unity.app/Contents
Microsoft C# 6.0 compiler found, but it is not supported on the current platform. Looking for another compiler...
Compiler: Mono C# 6.0

- Compilation -----------------------------------------------

Process: /Library/Frameworks/Mono.framework/Commands/mono
Arguments: "/Users/dthurn/Dropbox/dungeonstrike/DungeonStrike/CSharp60Support/mcs.exe" -nostdlib+ -noconfig -nologo -r:"/Applications/Unity/Unity.app/Contents/Mono/lib/mono/2.0/mscorlib.dll" -r:"/Applications/Unity/Unity.app/Contents/Mono/lib/mono/2.0/System.dll" -r:"/Applications/Unity/Unity.app/Contents/Mono/lib/mono/2.0/System.Core.dll" -r:"/Applications/Unity/Unity.app/Contents/Mono/lib/mono/2.0/System.Xml.dll" @Temp/UnityTempFile-4f6d8b29bcf3f439c99bf06d0e464c67
Exit code: 0
Elapsed time: 0.56 sec

- Compiler output (0 lines):

- Compiler errors (0 lines):
********************************************************************************
*                      Saturday, 13 August 2016 16:45:02                       *
********************************************************************************
CSharpCompilerWrapper.exe version: 1.10.0.0
Platform: Mac
Target assembly: /Assembly-CSharp-Editor.dll
Project directory: /Users/dthurn/Dropbox/dungeonstrike/DungeonStrike
Unity 'Data' or 'Frameworks' directory: /Applications/Unity/Unity.app/Contents
Microsoft C# 6.0 compiler found, but it is not supported on the current platform. Looking for another compiler...
Compiler: Mono C# 6.0

- Compilation -----------------------------------------------

Process: /Library/Frameworks/Mono.framework/Commands/mono
Arguments: "/Users/dthurn/Dropbox/dungeonstrike/DungeonStrike/CSharp60Support/mcs.exe" -nostdlib+ -noconfig -nologo -r:"/Applications/Unity/Unity.app/Contents/Mono/lib/mono/2.0/mscorlib.dll" -r:"/Applications/Unity/Unity.app/Contents/Mono/lib/mono/2.0/System.dll" -r:"/Applications/Unity/Unity.app/Contents/Mono/lib/mono/2.0/System.Core.dll" -r:"/Applications/Unity/Unity.app/Contents/Mono/lib/mono/2.0/System.Xml.dll" @Temp/UnityTempFile-bcc124f65987f4120b08168fff9dd8d1
Exit code: 0
Elapsed time: 0.52 sec

- Compiler output (1 line):
0: Compilation succeeded - 1 warning(s)

- Compiler errors (1 line):
0: Assets/ThirdParty/GameGrid/Editor/GGGridEditor.cs(488,15): warning CS0219: The variable `maxViewDistSq' is assigned but its value is never used
********************************************************************************
*                      Saturday, 13 August 2016 16:45:14                       *
********************************************************************************
CSharpCompilerWrapper.exe version: 1.10.0.0
Platform: Mac
Target assembly: /Assembly-CSharp.dll
Project directory: /Users/dthurn/Dropbox/dungeonstrike/DungeonStrike
Unity 'Data' or 'Frameworks' directory: /Applications/Unity/Unity.app/Contents
Microsoft C# 6.0 compiler found, but it is not supported on the current platform. Looking for another compiler...
Compiler: Mono C# 6.0

- Compilation -----------------------------------------------

Process: /Library/Frameworks/Mono.framework/Commands/mono
Arguments: "/Users/dthurn/Dropbox/dungeonstrike/DungeonStrike/CSharp60Support/mcs.exe" -nostdlib+ -noconfig -nologo -r:"/Applications/Unity/Unity.app/Contents/Mono/lib/mono/2.0/mscorlib.dll" -r:"/Applications/Unity/Unity.app/Contents/Mono/lib/mono/2.0/System.dll" -r:"/Applications/Unity/Unity.app/Contents/Mono/lib/mono/2.0/System.Core.dll" -r:"/Applications/Unity/Unity.app/Contents/Mono/lib/mono/2.0/System.Xml.dll" @Temp/UnityTempFile-618a0bf709a764d3c9bec3edf93767bf
Exit code: 0
Elapsed time: 0.66 sec

- Compiler output (1 line):
0: Compilation succeeded - 10 warning(s)

- Compiler errors (10 lines):
0: Assets/ThirdParty/GameGrid/Scripts/GGCell.cs(23,14): warning CS0659: `GGCell' overrides Object.Equals(object) but does not override Object.GetHashCode()
1: Assets/ThirdParty/GameGrid/Scripts/GGGrid.cs(110,47): warning CS0618: `UnityEngine.Object.FindSceneObjectsOfType(System.Type)' is obsolete: `use Object.FindObjectsOfType instead.'
2: Assets/ThirdParty/GameGrid/Scripts/GGGrid.cs(117,53): warning CS0618: `UnityEngine.Object.FindSceneObjectsOfType(System.Type)' is obsolete: `use Object.FindObjectsOfType instead.'
3: Assets/ThirdParty/GameGrid/Scripts/GGGrid.cs(856,14): warning CS0219: The variable `wasValid' is assigned but its value is never used
4: Assets/ThirdParty/GameGrid/Scripts/GGGrid.cs(1269,17): warning CS0219: The variable `nextRange' is assigned but its value is never used
5: Assets/ThirdParty/GameGrid/Scripts/GGObject.cs(63,59): warning CS0618: `UnityEngine.GameObject.active' is obsolete: `GameObject.active is obsolete. Use GameObject.SetActive(), GameObject.activeSelf or GameObject.activeInHierarchy.'
6: Assets/ThirdParty/GameGrid/Scripts/GGObject.cs(149,37): warning CS0618: `UnityEngine.GameObject.active' is obsolete: `GameObject.active is obsolete. Use GameObject.SetActive(), GameObject.activeSelf or GameObject.activeInHierarchy.'
7: Assets/ThirdParty/GameGrid/Scripts/GGObject.cs(178,37): warning CS0618: `UnityEngine.GameObject.active' is obsolete: `GameObject.active is obsolete. Use GameObject.SetActive(), GameObject.activeSelf or GameObject.activeInHierarchy.'
8: Assets/ThirdParty/GameGrid/Scenes/GameGridNavigator.cs(7,18): warning CS0414: The private field `GameGridNavigator.navigating' is assigned but its value is never used
9: Assets/ThirdParty/GameGrid/Scripts/GGGrid.cs(49,35): warning CS0414: The private field `GGGrid.ms_oGlobalQueryList' is assigned but its value is never used
********************************************************************************
*                      Saturday, 13 August 2016 16:45:14                       *
********************************************************************************
CSharpCompilerWrapper.exe version: 1.10.0.0
Platform: Mac
Target assembly: /Assembly-CSharp-Editor-firstpass.dll
Project directory: /Users/dthurn/Dropbox/dungeonstrike/DungeonStrike
Unity 'Data' or 'Frameworks' directory: /Applications/Unity/Unity.app/Contents
Microsoft C# 6.0 compiler found, but it is not supported on the current platform. Looking for another compiler...
Compiler: Mono C# 6.0

- Compilation -----------------------------------------------

Process: /Library/Frameworks/Mono.framework/Commands/mono
Arguments: "/Users/dthurn/Dropbox/dungeonstrike/DungeonStrike/CSharp60Support/mcs.exe" -nostdlib+ -noconfig -nologo -r:"/Applications/Unity/Unity.app/Contents/Mono/lib/mono/2.0/mscorlib.dll" -r:"/Applications/Unity/Unity.app/Contents/Mono/lib/mono/2.0/System.dll" -r:"/Applications/Unity/Unity.app/Contents/Mono/lib/mono/2.0/System.Core.dll" -r:"/Applications/Unity/Unity.app/Contents/Mono/lib/mono/2.0/System.Xml.dll" @Temp/UnityTempFile-ba08552729cb34a528eebe7abc1660ee
Exit code: 0
Elapsed time: 0.55 sec

- Compiler output (0 lines):

- Compiler errors (0 lines):
********************************************************************************
*                      Saturday, 13 August 2016 16:45:15                       *
********************************************************************************
CSharpCompilerWrapper.exe version: 1.10.0.0
Platform: Mac
Target assembly: /Assembly-CSharp-Editor.dll
Project directory: /Users/dthurn/Dropbox/dungeonstrike/DungeonStrike
Unity 'Data' or 'Frameworks' directory: /Applications/Unity/Unity.app/Contents
Microsoft C# 6.0 compiler found, but it is not supported on the current platform. Looking for another compiler...
Compiler: Mono C# 6.0

- Compilation -----------------------------------------------

Process: /Library/Frameworks/Mono.framework/Commands/mono
Arguments: "/Users/dthurn/Dropbox/dungeonstrike/DungeonStrike/CSharp60Support/mcs.exe" -nostdlib+ -noconfig -nologo -r:"/Applications/Unity/Unity.app/Contents/Mono/lib/mono/2.0/mscorlib.dll" -r:"/Applications/Unity/Unity.app/Contents/Mono/lib/mono/2.0/System.dll" -r:"/Applications/Unity/Unity.app/Contents/Mono/lib/mono/2.0/System.Core.dll" -r:"/Applications/Unity/Unity.app/Contents/Mono/lib/mono/2.0/System.Xml.dll" @Temp/UnityTempFile-b6a8da4fc679a490fa488a2d656634ee
Exit code: 0
Elapsed time: 0.55 sec

- Compiler output (1 line):
0: Compilation succeeded - 1 warning(s)

- Compiler errors (1 line):
0: Assets/ThirdParty/GameGrid/Editor/GGGridEditor.cs(488,15): warning CS0219: The variable `maxViewDistSq' is assigned but its value is never used
